2026-01-16 22:11:36 | INFO | [DB] Database initialized
2026-01-16 22:11:36 | INFO | [BOT] Starting in DEBUG mode (long polling)
2026-01-16 22:11:37 | INFO | Adding job tentatively -- it will be properly scheduled when the scheduler starts
2026-01-16 22:11:37 | INFO | Adding job tentatively -- it will be properly scheduled when the scheduler starts
2026-01-16 22:11:37 | INFO | [BOT] Bot Running...
2026-01-16 22:11:40 | INFO | Added job "generate_tip_job" to job store "default"
2026-01-16 22:11:40 | INFO | Added job "daily_Task" to job store "default"
2026-01-16 22:11:40 | INFO | Scheduler started
2026-01-16 22:11:40 | INFO | Application started
2026-01-16 22:12:06 | ERROR | Error while getting Updates: httpx.ReadError: 
2026-01-16 22:12:06 | ERROR | Network Issues: httpx.ReadError: 
2026-01-16 22:14:01 | WARNING | [TIMEOUT] Koneksi Timeout...
2026-01-16 22:14:24 | WARNING | [TIMEOUT] Koneksi Timeout...
2026-01-16 22:36:38 | ERROR | Error while getting Updates: Conflict: terminated by other getUpdates request; make sure that only one bot instance is running
2026-01-16 22:36:38 | INFO | ERROR: Conflict: terminated by other getUpdates request; make sure that only one bot instance is running
2026-01-16 23:05:55 | ERROR | Network Issues: Message to delete not found
2026-01-16 23:19:00 | WARNING | [TIMEOUT] Koneksi Timeout...
2026-01-16 23:28:25 | INFO | Application is stopping. This might take a moment.
2026-01-16 23:28:25 | INFO | Scheduler has been shut down
2026-01-16 23:28:25 | INFO | Application.stop() complete
